<?xml version="1.0" encoding="UTF-8"?>
<testsuite xmlns:xsi="http://www.w3.org/2001/XMLSchema-instance" xsi:noNamespaceSchemaLocation="https://maven.apache.org/surefire/maven-surefire-plugin/xsd/surefire-test-report-3.0.xsd" version="3.0" name="com.dipsscor.MainTest" time="1.679" tests="5" errors="0" skipped="0" failures="0">
  <properties>
[...]
</properties>
  <testcase name="testGreetings" classname="com.dipsscor.MainTest" time="0.283">
    <system-out><![CDATA[2022.10.11 01:23:49 INFO io.helidon.common.LogConfig Thread[#1,main,5,main]: Logging at initialization configured using C:\Users\dipss\Desktop\POCs\HelidonSE-microservice-project\helidon-quickstart-se\target\classes\logging.properties
2022.10.11 01:23:50 INFO io.helidon.common.HelidonFeatures Thread[#32,features-thread,5,main]: Helidon SE 3.0.1 features: [Config, Fault Tolerance, Health, Metrics, Tracing, Web Client, WebServer]
2022.10.11 01:23:51 INFO io.helidon.webserver.NettyWebServer Thread[#33,nioEventLoopGroup-2-1,10,main]: Channel '@default' started: [id: 0x6a8bcb37, L:/[0:0:0:0:0:0:0:0]:8080]
WEB server is up! http://localhost:8080/greet
]]></system-out>
  </testcase>
  <testcase name="testHealth" classname="com.dipsscor.MainTest" time="0.051"/>
  <testcase name="testMetrics" classname="com.dipsscor.MainTest" time="0.023"/>
  <testcase name="testMicroprofileMetrics" classname="com.dipsscor.MainTest" time="0.025">
    <system-out><![CDATA[2022.10.11 01:23:51 INFO com.dipsscor.SimpleGreetService Thread[#47,nioEventLoopGroup-3-2,10,main]: Greeting message is Hello World!
]]></system-out>
  </testcase>
  <testcase name="testSimpleGreet" classname="com.dipsscor.MainTest" time="0.009">
    <system-out><![CDATA[2022.10.11 01:23:51 INFO com.dipsscor.SimpleGreetService Thread[#47,nioEventLoopGroup-3-2,10,main]: Greeting message is Hello World!
]]></system-out>
  </testcase>
</testsuite>